<?xml version="1.0" encoding="UTF-8"?>
<!-- Generated by org.testng.reporters.JUnitXMLReporter -->
<testsuite hostname="DESKTOP-PKQLJOM" ignored="0" name="Test2" tests="1" failures="0" timestamp="2021-01-09T13:01:13 IST" time="0.104" errors="0">
  <testcase name="@BeforeTest login" time="-1.610177473403E9" classname="Campaign_S1_TestNGTransition.Pre">
    <failure type="org.testng.TestNGException" message="
Parameter &amp;apos;browser&amp;apos; is required by BeforeTest on method login but has not been marked @Optional or defined
in E:\Test Leaf\00.BootCamp\MavenProject\testng.xml">
      <![CDATA[org.testng.TestNGException: 
Parameter 'browser' is required by BeforeTest on method login but has not been marked @Optional or defined
in E:\Test Leaf\00.BootCamp\MavenProject\testng.xml
... Removed 21 stack frames]]>
    </failure>
  </testcase> <!-- @BeforeTest login -->
  <testcase name="mainflow" time="0.0" classname="Campaign_S1_TestNGTransition.S2052AttachDocument">
    <skipped/>
  </testcase> <!-- mainflow -->
</testsuite> <!-- Test2 -->
