<?xml version="1.0" encoding="UTF-8"?>
<!-- Generated by org.testng.reporters.JUnitXMLReporter -->
<testsuite hostname="DESKTOP-PKQLJOM" ignored="9" name="Test3" tests="10" failures="0" timestamp="2021-01-09T13:02:17 IST" time="0.175" errors="0">
  <testcase name="@BeforeTest login" time="-1.61017753701E9" classname="Campaign_S1_TestNGTransition.Pre">
    <failure type="org.testng.TestNGException" message="
Parameter &amp;apos;browser&amp;apos; is required by BeforeTest on method login but has not been marked @Optional or defined
in E:\Test Leaf\00.BootCamp\MavenProject\testng.xml">
      <![CDATA[org.testng.TestNGException: 
Parameter 'browser' is required by BeforeTest on method login but has not been marked @Optional or defined
in E:\Test Leaf\00.BootCamp\MavenProject\testng.xml
... Removed 21 stack frames]]>
    </failure>
  </testcase> <!-- @BeforeTest login -->
  <testcase name="mainflow" time="0.0" classname="Campaign_S1_TestNGTransition.S2051CreateCampaign">
    <skipped/>
  </testcase> <!-- mainflow -->
  <testcase name="mainflow" time="0.0" classname="Campaign_S1_TestNGTransition.S2052AttachDocument">
    <skipped/>
  </testcase> <!-- mainflow -->
  <testcase name="mainflow" time="0.0" classname="Campaign_S1_TestNGTransition.S2053DeleteAttachment">
    <skipped/>
  </testcase> <!-- mainflow -->
  <testcase name="mainflow" time="0.0" classname="Campaign_S1_TestNGTransition.S2054EditCampaign">
    <skipped/>
  </testcase> <!-- mainflow -->
  <testcase name="mainflow" time="0.0" classname="Campaign_S1_TestNGTransition.S2055CreateNewOpportunity">
    <skipped/>
  </testcase> <!-- mainflow -->
  <testcase name="mainflow" time="0.0" classname="Campaign_S1_TestNGTransition.S2056DeleteOpportunity">
    <skipped/>
  </testcase> <!-- mainflow -->
  <testcase name="mainflow" time="0.0" classname="Campaign_S1_TestNGTransition.S2057CreateLead">
    <skipped/>
  </testcase> <!-- mainflow -->
  <testcase name="mainflow" time="0.0" classname="Campaign_S1_TestNGTransition.S2059CreateContact">
    <skipped/>
  </testcase> <!-- mainflow -->
  <testcase name="mainflow" time="0.0" classname="Campaign_S1_TestNGTransition.S2060DeleteContact">
    <skipped/>
  </testcase> <!-- mainflow -->
  <testcase name="mainflow" time="0.0" classname="Campaign_S1_TestNGTransition.Sort">
    <skipped/>
  </testcase> <!-- mainflow -->
  <testcase name="@BeforeTest login" time="0.0" classname="Campaign_S1_TestNGTransition.Pre">
    <ignored/>
  </testcase> <!-- @BeforeTest login -->
  <testcase name="@BeforeTest login" time="0.0" classname="Campaign_S1_TestNGTransition.Pre">
    <ignored/>
  </testcase> <!-- @BeforeTest login -->
  <testcase name="@BeforeTest login" time="0.0" classname="Campaign_S1_TestNGTransition.Pre">
    <ignored/>
  </testcase> <!-- @BeforeTest login -->
  <testcase name="@BeforeTest login" time="0.0" classname="Campaign_S1_TestNGTransition.Pre">
    <ignored/>
  </testcase> <!-- @BeforeTest login -->
  <testcase name="@BeforeTest login" time="0.0" classname="Campaign_S1_TestNGTransition.Pre">
    <ignored/>
  </testcase> <!-- @BeforeTest login -->
  <testcase name="@BeforeTest login" time="0.0" classname="Campaign_S1_TestNGTransition.Pre">
    <ignored/>
  </testcase> <!-- @BeforeTest login -->
  <testcase name="@BeforeTest login" time="0.0" classname="Campaign_S1_TestNGTransition.Pre">
    <ignored/>
  </testcase> <!-- @BeforeTest login -->
  <testcase name="@BeforeTest login" time="0.0" classname="Campaign_S1_TestNGTransition.Pre">
    <ignored/>
  </testcase> <!-- @BeforeTest login -->
  <testcase name="@BeforeTest login" time="0.0" classname="Campaign_S1_TestNGTransition.Pre">
    <ignored/>
  </testcase> <!-- @BeforeTest login -->
</testsuite> <!-- Test3 -->
